[2020-11-30 07:58:33] flutterwave/rave.NOTICE: Generating Reference Number.... [] []
[2020-11-30 07:58:33] flutterwave/rave.NOTICE: Generated Reference Number....MY_NAME_5a22a7f270abc8879 [] []
[2020-11-30 07:58:33] flutterwave/rave.NOTICE: Rave Class Initializes.... [] []
[2020-11-30 07:58:33] flutterwave/rave.NOTICE: Generating Checksum.... [] []
[2020-11-30 08:07:07] flutterwave/rave.NOTICE: Generating Reference Number.... [] []
[2020-11-30 08:07:07] flutterwave/rave.NOTICE: Generated Reference Number....MY_NAME_5a22a7f270abc8879 [] []
[2020-11-30 08:07:07] flutterwave/rave.NOTICE: Rave Class Initializes.... [] []
[2020-11-30 08:07:07] flutterwave/rave.NOTICE: Generating Checksum.... [] []
[2020-11-30 08:11:32] flutterwave/rave.NOTICE: Generating Reference Number.... [] []
[2020-11-30 08:11:32] flutterwave/rave.NOTICE: Generated Reference Number....MY_NAME_5a22a7f270abc8879 [] []
[2020-11-30 08:11:32] flutterwave/rave.NOTICE: Rave Class Initializes.... [] []
[2020-11-30 08:11:32] flutterwave/rave.NOTICE: Generating Checksum.... [] []
[2020-11-30 08:50:01] flutterwave/rave.NOTICE: Generating Reference Number.... [] []
[2020-11-30 08:50:01] flutterwave/rave.NOTICE: Generated Reference Number....MY_NAME_5a22a7f270abc8879 [] []
[2020-11-30 08:50:01] flutterwave/rave.NOTICE: Rave Class Initializes.... [] []
[2020-11-30 08:50:01] flutterwave/rave.NOTICE: Generating Checksum.... [] []
[2020-11-30 08:51:04] flutterwave/rave.NOTICE: Generating Reference Number.... [] []
[2020-11-30 08:51:04] flutterwave/rave.NOTICE: Generated Reference Number....RV_5fc4a468448aa [] []
[2020-11-30 08:51:04] flutterwave/rave.NOTICE: Rave Class Initializes.... [] []
[2020-11-30 08:51:04] flutterwave/rave.NOTICE: Payment completed. Now requerying payment. [] []
[2020-11-30 08:51:04] flutterwave/rave.NOTICE: Requerying Transaction....1737359 [] []
[2020-11-30 08:51:07] flutterwave/rave.NOTICE: Requeryed a successful transaction....{"id":1737359,"tx_ref":"MY_NAME_5a22a7f270abc8879","flw_ref":"flwm3s4m0c1606723325703","device_fingerprint":"cc6b170abd669f99e2891bc22f696562","amount":20,"currency":"GHS","charged_amount":20,"app_fee":0.5,"merchant_fee":0,"processor_response":"Approved","auth_model":"MOBILEMONEY","ip":"41.66.203.214","narration":"The Royals","status":"successful","payment_type":"mobilemoneygh","created_at":"2020-11-30T08:02:04.000Z","account_id":191574,"meta":null,"amount_settled":19.5,"customer":{"id":537268,"name":"Emmanuel Amefia","phone_number":"054709922220","email":"nanayawamefia98@gmail.com","created_at":"2020-11-29T17:03:44.000Z"}} [] []
[2020-11-30 09:03:48] flutterwave/rave.NOTICE: Generating Reference Number.... [] []
[2020-11-30 09:03:48] flutterwave/rave.NOTICE: Generated Reference Number....MY_NAME_5a22a7f270abc8879 [] []
[2020-11-30 09:03:48] flutterwave/rave.NOTICE: Rave Class Initializes.... [] []
[2020-11-30 09:03:48] flutterwave/rave.NOTICE: Generating Checksum.... [] []
[2020-11-30 09:04:47] flutterwave/rave.NOTICE: Generating Reference Number.... [] []
[2020-11-30 09:04:47] flutterwave/rave.NOTICE: Generated Reference Number....RV_5fc4a79f539da [] []
[2020-11-30 09:04:47] flutterwave/rave.NOTICE: Rave Class Initializes.... [] []
[2020-11-30 09:04:47] flutterwave/rave.NOTICE: Payment completed. Now requerying payment. [] []
[2020-11-30 09:04:47] flutterwave/rave.NOTICE: Requerying Transaction....1737397 [] []
[2020-11-30 09:04:49] flutterwave/rave.NOTICE: Requeryed a successful transaction....{"id":1737397,"tx_ref":"MY_NAME_5a22a7f270abc8879","flw_ref":"flwm3s4m0c1606724149386","device_fingerprint":"cc6b170abd669f99e2891bc22f696562","amount":20,"currency":"GHS","charged_amount":20,"app_fee":0.5,"merchant_fee":0,"processor_response":"Approved","auth_model":"MOBILEMONEY","ip":"41.66.203.214","narration":"The Royals","status":"successful","payment_type":"mobilemoneygh","created_at":"2020-11-30T08:15:48.000Z","account_id":191574,"meta":null,"amount_settled":19.5,"customer":{"id":537268,"name":"Emmanuel Amefia","phone_number":"054709922220","email":"nanayawamefia98@gmail.com","created_at":"2020-11-29T17:03:44.000Z"}} [] []
[2020-11-30 09:26:22] flutterwave/rave.NOTICE: Generating Reference Number.... [] []
[2020-11-30 09:26:22] flutterwave/rave.NOTICE: Generated Reference Number....MY_NAME_5a22a7f270abc8879 [] []
[2020-11-30 09:26:22] flutterwave/rave.NOTICE: Rave Class Initializes.... [] []
[2020-11-30 09:26:22] flutterwave/rave.NOTICE: Generating Checksum.... [] []
[2020-11-30 09:29:56] flutterwave/rave.NOTICE: Generating Reference Number.... [] []
[2020-11-30 09:29:56] flutterwave/rave.NOTICE: Generated Reference Number....RV_5fc4ad84ddb45 [] []
[2020-11-30 09:29:56] flutterwave/rave.NOTICE: Rave Class Initializes.... [] []
[2020-11-30 09:29:56] flutterwave/rave.NOTICE: Payment completed. Now requerying payment. [] []
[2020-11-30 09:29:56] flutterwave/rave.NOTICE: Requerying Transaction....1737443 [] []
[2020-11-30 09:29:59] flutterwave/rave.NOTICE: Requeryed a successful transaction....{"id":1737443,"tx_ref":"MY_NAME_5a22a7f270abc8879","flw_ref":"flwm3s4m0c1606725657562","device_fingerprint":"cc6b170abd669f99e2891bc22f696562","amount":20,"currency":"GHS","charged_amount":20,"app_fee":0.5,"merchant_fee":0,"processor_response":"Approved","auth_model":"MOBILEMONEY","ip":"41.66.203.214","narration":"The Royals","status":"successful","payment_type":"mobilemoneygh","created_at":"2020-11-30T08:40:57.000Z","account_id":191574,"meta":null,"amount_settled":19.5,"customer":{"id":537268,"name":"Emmanuel Amefia","phone_number":"054709922220","email":"nanayawamefia98@gmail.com","created_at":"2020-11-29T17:03:44.000Z"}} [] []
[2020-11-30 09:48:48] flutterwave/rave.NOTICE: Generating Reference Number.... [] []
[2020-11-30 09:48:48] flutterwave/rave.NOTICE: Generated Reference Number....MY_NAME_5a22a7f270abc8879 [] []
[2020-11-30 09:48:48] flutterwave/rave.NOTICE: Rave Class Initializes.... [] []
[2020-11-30 09:48:48] flutterwave/rave.NOTICE: Generating Checksum.... [] []
[2020-11-30 09:49:32] flutterwave/rave.NOTICE: Generating Reference Number.... [] []
[2020-11-30 09:49:32] flutterwave/rave.NOTICE: Generated Reference Number....RV_5fc4b21c9524e [] []
[2020-11-30 09:49:32] flutterwave/rave.NOTICE: Rave Class Initializes.... [] []
[2020-11-30 09:49:32] flutterwave/rave.NOTICE: Payment completed. Now requerying payment. [] []
[2020-11-30 09:49:32] flutterwave/rave.NOTICE: Requerying Transaction....1737475 [] []
[2020-11-30 09:49:34] flutterwave/rave.NOTICE: Requeryed a successful transaction....{"id":1737475,"tx_ref":"MY_NAME_5a22a7f270abc8879","flw_ref":"flwm3s4m0c1606726833528","device_fingerprint":"cc6b170abd669f99e2891bc22f696562","amount":20,"currency":"GHS","charged_amount":20,"app_fee":0.5,"merchant_fee":0,"processor_response":"Approved","auth_model":"MOBILEMONEY","ip":"41.66.203.214","narration":"The Royals","status":"successful","payment_type":"mobilemoneygh","created_at":"2020-11-30T09:00:32.000Z","account_id":191574,"meta":null,"amount_settled":19.5,"customer":{"id":537268,"name":"Emmanuel Amefia","phone_number":"054709922220","email":"nanayawamefia98@gmail.com","created_at":"2020-11-29T17:03:44.000Z"}} [] []
[2020-11-30 10:09:23] flutterwave/rave.NOTICE: Generating Reference Number.... [] []
[2020-11-30 10:09:24] flutterwave/rave.NOTICE: Generated Reference Number....MY_NAME_5a22a7f270abc8879 [] []
[2020-11-30 10:09:24] flutterwave/rave.NOTICE: Rave Class Initializes.... [] []
[2020-11-30 10:09:24] flutterwave/rave.NOTICE: Generating Checksum.... [] []
[2020-11-30 10:10:33] flutterwave/rave.NOTICE: Generating Reference Number.... [] []
[2020-11-30 10:10:33] flutterwave/rave.NOTICE: Generated Reference Number....RV_5fc4b70924ab3 [] []
[2020-11-30 10:10:33] flutterwave/rave.NOTICE: Rave Class Initializes.... [] []
[2020-11-30 10:10:33] flutterwave/rave.NOTICE: Payment completed. Now requerying payment. [] []
[2020-11-30 10:10:33] flutterwave/rave.NOTICE: Requerying Transaction....1737516 [] []
[2020-11-30 10:10:38] flutterwave/rave.NOTICE: Requeryed a successful transaction....{"id":1737516,"tx_ref":"MY_NAME_5a22a7f270abc8879","flw_ref":"flwm3s4m0c1606728093802","device_fingerprint":"cc6b170abd669f99e2891bc22f696562","amount":20,"currency":"GHS","charged_amount":20,"app_fee":0.5,"merchant_fee":0,"processor_response":"Approved","auth_model":"MOBILEMONEY","ip":"41.66.203.214","narration":"The Royals","status":"successful","payment_type":"mobilemoneygh","created_at":"2020-11-30T09:21:33.000Z","account_id":191574,"meta":null,"amount_settled":19.5,"customer":{"id":537268,"name":"Emmanuel Amefia","phone_number":"054709922220","email":"nanayawamefia98@gmail.com","created_at":"2020-11-29T17:03:44.000Z"}} [] []
[2020-11-30 10:22:49] flutterwave/rave.NOTICE: Generating Reference Number.... [] []
[2020-11-30 10:22:49] flutterwave/rave.NOTICE: Generated Reference Number....MY_NAME_5a22a7f270abc8879 [] []
[2020-11-30 10:22:49] flutterwave/rave.NOTICE: Rave Class Initializes.... [] []
[2020-11-30 10:22:49] flutterwave/rave.NOTICE: Generating Checksum.... [] []
[2020-11-30 10:23:25] flutterwave/rave.NOTICE: Generating Reference Number.... [] []
[2020-11-30 10:23:25] flutterwave/rave.NOTICE: Generated Reference Number....RV_5fc4ba0da2787 [] []
[2020-11-30 10:23:25] flutterwave/rave.NOTICE: Rave Class Initializes.... [] []
[2020-11-30 10:23:25] flutterwave/rave.NOTICE: Payment completed. Now requerying payment. [] []
[2020-11-30 10:23:25] flutterwave/rave.NOTICE: Requerying Transaction....1737560 [] []
[2020-11-30 10:23:27] flutterwave/rave.NOTICE: Requeryed a successful transaction....{"id":1737560,"tx_ref":"MY_NAME_5a22a7f270abc8879","flw_ref":"flwm3s4m0c1606728867305","device_fingerprint":"cc6b170abd669f99e2891bc22f696562","amount":20,"currency":"GHS","charged_amount":20,"app_fee":0.5,"merchant_fee":0,"processor_response":"Approved","auth_model":"MOBILEMONEY","ip":"41.66.203.214","narration":"The Royals","status":"successful","payment_type":"mobilemoneygh","created_at":"2020-11-30T09:34:26.000Z","account_id":191574,"meta":null,"amount_settled":19.5,"customer":{"id":537268,"name":"Emmanuel Amefia","phone_number":"054709922220","email":"nanayawamefia98@gmail.com","created_at":"2020-11-29T17:03:44.000Z"}} [] []
[2020-11-30 10:25:01] flutterwave/rave.NOTICE: Generating Reference Number.... [] []
[2020-11-30 10:25:01] flutterwave/rave.NOTICE: Generated Reference Number....MY_NAME_5a22a7f270abc8879 [] []
[2020-11-30 10:25:01] flutterwave/rave.NOTICE: Rave Class Initializes.... [] []
[2020-11-30 10:25:01] flutterwave/rave.NOTICE: Generating Checksum.... [] []
[2020-11-30 10:25:53] flutterwave/rave.NOTICE: Generating Reference Number.... [] []
[2020-11-30 10:25:53] flutterwave/rave.NOTICE: Generated Reference Number....MY_NAME_5a22a7f270abc8879 [] []
[2020-11-30 10:25:53] flutterwave/rave.NOTICE: Rave Class Initializes.... [] []
[2020-11-30 10:25:53] flutterwave/rave.NOTICE: Generating Checksum.... [] []
[2020-11-30 10:28:00] flutterwave/rave.NOTICE: Generating Reference Number.... [] []
[2020-11-30 10:28:00] flutterwave/rave.NOTICE: Generated Reference Number....RV_5fc4bb208d79e [] []
[2020-11-30 10:28:00] flutterwave/rave.NOTICE: Rave Class Initializes.... [] []
[2020-11-30 10:28:00] flutterwave/rave.NOTICE: Payment completed. Now requerying payment. [] []
[2020-11-30 10:28:00] flutterwave/rave.NOTICE: Requerying Transaction....1737600 [] []
[2020-11-30 10:28:05] flutterwave/rave.NOTICE: Requeryed a successful transaction....{"id":1737600,"tx_ref":"MY_NAME_5a22a7f270abc8879","flw_ref":"flwm3s4m0c1606729142240","device_fingerprint":"cc6b170abd669f99e2891bc22f696562","amount":20,"currency":"GHS","charged_amount":20,"app_fee":0.5,"merchant_fee":0,"processor_response":"Approved","auth_model":"MOBILEMONEY","ip":"41.66.203.214","narration":"The Royals","status":"successful","payment_type":"mobilemoneygh","created_at":"2020-11-30T09:39:01.000Z","account_id":191574,"meta":null,"amount_settled":19.5,"customer":{"id":537268,"name":"Emmanuel Amefia","phone_number":"054709922220","email":"nanayawamefia98@gmail.com","created_at":"2020-11-29T17:03:44.000Z"}} [] []
[2020-11-30 10:38:56] flutterwave/rave.NOTICE: Generating Reference Number.... [] []
[2020-11-30 10:38:57] flutterwave/rave.NOTICE: Generated Reference Number....MY_NAME_5a22a7f270abc8879 [] []
[2020-11-30 10:38:57] flutterwave/rave.NOTICE: Rave Class Initializes.... [] []
[2020-11-30 10:38:57] flutterwave/rave.NOTICE: Generating Checksum.... [] []
[2020-11-30 10:40:07] flutterwave/rave.NOTICE: Generating Reference Number.... [] []
[2020-11-30 10:40:07] flutterwave/rave.NOTICE: Generated Reference Number....RV_5fc4bdf710901 [] []
[2020-11-30 10:40:07] flutterwave/rave.NOTICE: Rave Class Initializes.... [] []
[2020-11-30 10:40:07] flutterwave/rave.NOTICE: Payment completed. Now requerying payment. [] []
[2020-11-30 10:40:07] flutterwave/rave.NOTICE: Requerying Transaction....1737653 [] []
[2020-11-30 10:40:09] flutterwave/rave.NOTICE: Requeryed a successful transaction....{"id":1737653,"tx_ref":"MY_NAME_5a22a7f270abc8879","flw_ref":"flwm3s4m0c1606729867980","device_fingerprint":"cc6b170abd669f99e2891bc22f696562","amount":20,"currency":"GHS","charged_amount":20,"app_fee":0.5,"merchant_fee":0,"processor_response":"Approved","auth_model":"MOBILEMONEY","ip":"41.66.203.214","narration":"The Royals","status":"successful","payment_type":"mobilemoneygh","created_at":"2020-11-30T09:51:07.000Z","account_id":191574,"meta":null,"amount_settled":19.5,"customer":{"id":537268,"name":"Emmanuel Amefia","phone_number":"054709922220","email":"nanayawamefia98@gmail.com","created_at":"2020-11-29T17:03:44.000Z"}} [] []
[2020-11-30 10:42:00] flutterwave/rave.NOTICE: Generating Reference Number.... [] []
[2020-11-30 10:42:00] flutterwave/rave.NOTICE: Generated Reference Number....MY_NAME_5a22a7f270abc8879 [] []
[2020-11-30 10:42:00] flutterwave/rave.NOTICE: Rave Class Initializes.... [] []
[2020-11-30 10:42:00] flutterwave/rave.NOTICE: Generating Checksum.... [] []
[2020-11-30 10:42:41] flutterwave/rave.NOTICE: Generating Reference Number.... [] []
[2020-11-30 10:42:41] flutterwave/rave.NOTICE: Generated Reference Number....RV_5fc4be91b848b [] []
[2020-11-30 10:42:41] flutterwave/rave.NOTICE: Rave Class Initializes.... [] []
[2020-11-30 10:42:41] flutterwave/rave.NOTICE: Payment completed. Now requerying payment. [] []
[2020-11-30 10:42:41] flutterwave/rave.NOTICE: Requerying Transaction....1737665 [] []
[2020-11-30 10:42:43] flutterwave/rave.NOTICE: Requeryed a successful transaction....{"id":1737665,"tx_ref":"MY_NAME_5a22a7f270abc8879","flw_ref":"flwm3s4m0c1606730023412","device_fingerprint":"cc6b170abd669f99e2891bc22f696562","amount":20,"currency":"GHS","charged_amount":20,"app_fee":0.5,"merchant_fee":0,"processor_response":"Approved","auth_model":"MOBILEMONEY","ip":"41.66.203.214","narration":"The Royals","status":"successful","payment_type":"mobilemoneygh","created_at":"2020-11-30T09:53:42.000Z","account_id":191574,"meta":null,"amount_settled":19.5,"customer":{"id":537268,"name":"Emmanuel Amefia","phone_number":"054709922220","email":"nanayawamefia98@gmail.com","created_at":"2020-11-29T17:03:44.000Z"}} [] []
[2020-11-30 22:28:03] flutterwave/rave.NOTICE: Generating Reference Number.... [] []
[2020-11-30 22:28:03] flutterwave/rave.NOTICE: Generated Reference Number....MY_NAME_5a22a7f270abc8879 [] []
[2020-11-30 22:28:03] flutterwave/rave.NOTICE: Rave Class Initializes.... [] []
[2020-11-30 22:28:03] flutterwave/rave.NOTICE: Generating Checksum.... [] []
[2020-11-30 22:30:57] flutterwave/rave.NOTICE: Generating Reference Number.... [] []
[2020-11-30 22:30:57] flutterwave/rave.NOTICE: Generated Reference Number....RV_5fc56491e75df [] []
[2020-11-30 22:30:57] flutterwave/rave.NOTICE: Rave Class Initializes.... [] []
[2020-11-30 22:30:57] flutterwave/rave.NOTICE: Payment completed. Now requerying payment. [] []
[2020-11-30 22:30:57] flutterwave/rave.NOTICE: Requerying Transaction....1739012 [] []
[2020-11-30 22:31:00] flutterwave/rave.NOTICE: Requeryed a successful transaction....{"id":1739012,"tx_ref":"MY_NAME_5a22a7f270abc8879","flw_ref":"flwm3s4m0c1606772518949","device_fingerprint":"cc6b170abd669f99e2891bc22f696562","amount":20,"currency":"GHS","charged_amount":20,"app_fee":0.5,"merchant_fee":0,"processor_response":"Approved","auth_model":"MOBILEMONEY","ip":"41.66.203.228","narration":"The Royals","status":"successful","payment_type":"mobilemoneygh","created_at":"2020-11-30T21:41:57.000Z","account_id":191574,"meta":null,"amount_settled":19.5,"customer":{"id":537268,"name":"Emmanuel Amefia","phone_number":"054709922220","email":"nanayawamefia98@gmail.com","created_at":"2020-11-29T17:03:44.000Z"}} [] []
