[2020-12-01 11:10:52] flutterwave/rave.NOTICE: Generating Reference Number.... [] []
[2020-12-01 11:10:52] flutterwave/rave.NOTICE: Generated Reference Number....MY_NAME_5a22a7f270abc8879 [] []
[2020-12-01 11:10:52] flutterwave/rave.NOTICE: Rave Class Initializes.... [] []
[2020-12-01 11:10:52] flutterwave/rave.NOTICE: Generating Checksum.... [] []
[2020-12-01 11:12:27] flutterwave/rave.NOTICE: Generating Reference Number.... [] []
[2020-12-01 11:12:27] flutterwave/rave.NOTICE: Generated Reference Number....RV_5fc6170ba9b8a [] []
[2020-12-01 11:12:27] flutterwave/rave.NOTICE: Rave Class Initializes.... [] []
[2020-12-01 11:12:27] flutterwave/rave.NOTICE: Payment completed. Now requerying payment. [] []
[2020-12-01 11:12:27] flutterwave/rave.NOTICE: Requerying Transaction....1740235 [] []
[2020-12-01 11:12:30] flutterwave/rave.NOTICE: Requeryed a successful transaction....{"id":1740235,"tx_ref":"MY_NAME_5a22a7f270abc8879","flw_ref":"flwm3s4m0c1606818208083","device_fingerprint":"cc6b170abd669f99e2891bc22f696562","amount":20,"currency":"GHS","charged_amount":20,"app_fee":0.5,"merchant_fee":0,"processor_response":"Approved","auth_model":"MOBILEMONEY","ip":"41.66.202.184","narration":"The Royals","status":"successful","payment_type":"mobilemoneygh","created_at":"2020-12-01T10:23:27.000Z","account_id":191574,"meta":null,"amount_settled":19.5,"customer":{"id":537268,"name":"Emmanuel Amefia","phone_number":"054709922220","email":"nanayawamefia98@gmail.com","created_at":"2020-11-29T17:03:44.000Z"}} [] []
[2020-12-01 11:15:38] flutterwave/rave.NOTICE: Generating Reference Number.... [] []
[2020-12-01 11:15:38] flutterwave/rave.NOTICE: Generated Reference Number....MY_NAME_5a22a7f270abc8879 [] []
[2020-12-01 11:15:38] flutterwave/rave.NOTICE: Rave Class Initializes.... [] []
[2020-12-01 11:15:38] flutterwave/rave.NOTICE: Generating Checksum.... [] []
[2020-12-01 11:16:30] flutterwave/rave.NOTICE: Generating Reference Number.... [] []
[2020-12-01 11:16:30] flutterwave/rave.NOTICE: Generated Reference Number....RV_5fc617feb4b1b [] []
[2020-12-01 11:16:30] flutterwave/rave.NOTICE: Rave Class Initializes.... [] []
[2020-12-01 11:16:30] flutterwave/rave.NOTICE: Payment completed. Now requerying payment. [] []
[2020-12-01 11:16:30] flutterwave/rave.NOTICE: Requerying Transaction....1740253 [] []
[2020-12-01 11:16:32] flutterwave/rave.NOTICE: Requeryed a successful transaction....{"id":1740253,"tx_ref":"MY_NAME_5a22a7f270abc8879","flw_ref":"flwm3s4m0c1606818450874","device_fingerprint":"cc6b170abd669f99e2891bc22f696562","amount":20,"currency":"GHS","charged_amount":20,"app_fee":0.5,"merchant_fee":0,"processor_response":"Approved","auth_model":"MOBILEMONEY","ip":"41.66.202.184","narration":"The Royals","status":"successful","payment_type":"mobilemoneygh","created_at":"2020-12-01T10:27:30.000Z","account_id":191574,"meta":null,"amount_settled":19.5,"customer":{"id":537268,"name":"Emmanuel Amefia","phone_number":"054709922220","email":"nanayawamefia98@gmail.com","created_at":"2020-11-29T17:03:44.000Z"}} [] []
